#! /usr/local/bin/vvp
:ivl_version "11.0 (stable)" "(v11_0-132-gb2f2414f4)";
:ivl_delay_selection "TYPICAL";
:vpi_time_precision + 0;
:vpi_module "/usr/local/lib/ivl/system.vpi";
:vpi_module "/usr/local/lib/ivl/vhdl_sys.vpi";
:vpi_module "/usr/local/lib/ivl/vhdl_textio.vpi";
:vpi_module "/usr/local/lib/ivl/v2005_math.vpi";
:vpi_module "/usr/local/lib/ivl/va_math.vpi";
:vpi_module "/usr/local/lib/ivl/v2009.vpi";
S_0x55bbf2992270 .scope package, "$unit" "$unit" 2 1;
 .timescale 0 0;
S_0x55bbf2992400 .scope module, "fifo" "fifo" 3 1;
 .timescale 0 0;
    .port_info 0 /INPUT 1 "clk";
    .port_info 1 /INPUT 1 "rst";
    .port_info 2 /INPUT 1 "we";
    .port_info 3 /INPUT 1 "re";
    .port_info 4 /OUTPUT 1 "empty";
    .port_info 5 /OUTPUT 1 "full";
    .port_info 6 /INPUT 8 "w_data";
    .port_info 7 /OUTPUT 8 "r_data";
P_0x55bbf2992590 .param/l "DATA_WIDTH" 0 3 3, +C4<00000000000000000000000000001000>;
P_0x55bbf29925d0 .param/l "FIFO_WIDTH" 0 3 2, +C4<00000000000000000000000100000000>;
P_0x55bbf2992610 .param/l "POINTER_WIDTH" 1 3 11, +C4<00000000000000000000000000001000>;
L_0x55bbf29e4ac0 .functor NOT 1, L_0x55bbf29e49a0, C4<0>, C4<0>, C4<0>;
o0x7f19b28e5318 .functor BUFZ 1, C4<z>; HiZ drive
L_0x55bbf29e5030 .functor AND 1, o0x7f19b28e5318, L_0x55bbf29e4f00, C4<1>, C4<1>;
o0x7f19b28e5228 .functor BUFZ 1, C4<z>; HiZ drive
L_0x55bbf29e51e0 .functor AND 1, o0x7f19b28e5228, L_0x55bbf29e50f0, C4<1>, C4<1>;
v0x55bbf29be940_0 .net *"_ivl_13", 0 0, L_0x55bbf29e4f00;  1 drivers
v0x55bbf29e37b0_0 .net *"_ivl_17", 0 0, L_0x55bbf29e50f0;  1 drivers
v0x55bbf29e3870_0 .net *"_ivl_3", 0 0, L_0x55bbf29e49a0;  1 drivers
v0x55bbf29e3960_0 .net *"_ivl_4", 0 0, L_0x55bbf29e4ac0;  1 drivers
v0x55bbf29e3a40_0 .net *"_ivl_7", 7 0, L_0x55bbf29e4b80;  1 drivers
v0x55bbf29e3b70_0 .net *"_ivl_8", 8 0, L_0x55bbf29e4c20;  1 drivers
o0x7f19b28e5138 .functor BUFZ 1, C4<z>; HiZ drive
v0x55bbf29e3c50_0 .net "clk", 0 0, o0x7f19b28e5138;  0 drivers
v0x55bbf29e3d10_0 .net "empty", 0 0, L_0x55bbf29e48a0;  1 drivers
v0x55bbf29e3dd0_0 .net "full", 0 0, L_0x55bbf29e4dc0;  1 drivers
v0x55bbf29e3e90 .array "mem", 0 255, 7 0;
v0x55bbf29e3f50_0 .var "r_data", 7 0;
v0x55bbf29e4030_0 .var "r_ptr", 8 0;
v0x55bbf29e4110_0 .net "re", 0 0, o0x7f19b28e5228;  0 drivers
v0x55bbf29e41d0_0 .net "read_ok", 0 0, L_0x55bbf29e51e0;  1 drivers
o0x7f19b28e5288 .functor BUFZ 1, C4<z>; HiZ drive
v0x55bbf29e4290_0 .net "rst", 0 0, o0x7f19b28e5288;  0 drivers
o0x7f19b28e52b8 .functor BUFZ 8, C4<zzzzzzzz>; HiZ drive
v0x55bbf29e4350_0 .net "w_data", 7 0, o0x7f19b28e52b8;  0 drivers
v0x55bbf29e4430_0 .var "w_ptr", 8 0;
v0x55bbf29e4620_0 .net "we", 0 0, o0x7f19b28e5318;  0 drivers
v0x55bbf29e46e0_0 .net "write_ok", 0 0, L_0x55bbf29e5030;  1 drivers
E_0x55bbf29a5d20 .event posedge, v0x55bbf29e3c50_0;
L_0x55bbf29e48a0 .cmp/eq 9, v0x55bbf29e4430_0, v0x55bbf29e4030_0;
L_0x55bbf29e49a0 .part v0x55bbf29e4030_0, 8, 1;
L_0x55bbf29e4b80 .part v0x55bbf29e4030_0, 0, 8;
L_0x55bbf29e4c20 .concat [ 8 1 0 0], L_0x55bbf29e4b80, L_0x55bbf29e4ac0;
L_0x55bbf29e4dc0 .cmp/eq 9, v0x55bbf29e4430_0, L_0x55bbf29e4c20;
L_0x55bbf29e4f00 .reduce/nor L_0x55bbf29e4dc0;
L_0x55bbf29e50f0 .reduce/nor L_0x55bbf29e48a0;
    .scope S_0x55bbf2992400;
T_0 ;
    %wait E_0x55bbf29a5d20;
    %load/vec4 v0x55bbf29e4290_0;
    %flag_set/vec4 8;
    %jmp/0xz  T_0.0, 8;
    %pushi/vec4 0, 0, 9;
    %assign/vec4 v0x55bbf29e4430_0, 0;
    %pushi/vec4 0, 0, 9;
    %assign/vec4 v0x55bbf29e4030_0, 0;
    %jmp T_0.1;
T_0.0 ;
    %load/vec4 v0x55bbf29e46e0_0;
    %flag_set/vec4 8;
    %jmp/0xz  T_0.2, 8;
    %load/vec4 v0x55bbf29e4350_0;
    %load/vec4 v0x55bbf29e4430_0;
    %parti/s 8, 0, 2;
    %pad/u 10;
    %ix/vec4 3;
    %ix/load 4, 0, 0; Constant delay
    %assign/vec4/a/d v0x55bbf29e3e90, 0, 4;
    %load/vec4 v0x55bbf29e4430_0;
    %addi 1, 0, 9;
    %assign/vec4 v0x55bbf29e4430_0, 0;
T_0.2 ;
    %load/vec4 v0x55bbf29e41d0_0;
    %flag_set/vec4 8;
    %jmp/0xz  T_0.4, 8;
    %load/vec4 v0x55bbf29e4030_0;
    %parti/s 8, 0, 2;
    %pad/u 10;
    %ix/vec4 4;
    %load/vec4a v0x55bbf29e3e90, 4;
    %assign/vec4 v0x55bbf29e3f50_0, 0;
    %load/vec4 v0x55bbf29e4030_0;
    %addi 1, 0, 9;
    %assign/vec4 v0x55bbf29e4030_0, 0;
T_0.4 ;
T_0.1 ;
    %jmp T_0;
    .thread T_0;
# The file index is used to find the file name in the following table.
:file_names 4;
    "N/A";
    "<interactive>";
    "-";
    "fifo.sv";
