#! /usr/local/bin/vvp
:ivl_version "11.0 (stable)" "(v11_0-132-gb2f2414f4)";
:ivl_delay_selection "TYPICAL";
:vpi_time_precision + 0;
:vpi_module "/usr/local/lib/ivl/system.vpi";
:vpi_module "/usr/local/lib/ivl/vhdl_sys.vpi";
:vpi_module "/usr/local/lib/ivl/vhdl_textio.vpi";
:vpi_module "/usr/local/lib/ivl/v2005_math.vpi";
:vpi_module "/usr/local/lib/ivl/va_math.vpi";
:vpi_module "/usr/local/lib/ivl/v2009.vpi";
S_0x560ca55022a0 .scope package, "$unit" "$unit" 2 1;
 .timescale 0 0;
S_0x560ca5502430 .scope module, "unified_buffer" "unified_buffer" 3 1;
 .timescale 0 0;
    .port_info 0 /INPUT 1 "clk";
    .port_info 1 /INPUT 1 "we";
    .port_info 2 /INPUT 1 "re";
    .port_info 3 /INPUT 1 "compute_en";
    .port_info 4 /INPUT 1 "fifo_en";
    .port_info 5 /INPUT 10 "address";
    .port_info 6 /INPUT 8 "fifo_in";
    .port_info 7 /OUTPUT 8 "fifo_out";
    .port_info 8 /INPUT 4 "compute_in";
    .port_info 9 /OUTPUT 4 "compute_out";
P_0x560ca552bc70 .param/l "ADDRESS_SIZE" 0 3 6, +C4<00000000000000000000000000001010>;
P_0x560ca552bcb0 .param/l "BUFFER_SIZE" 0 3 2, +C4<00000000000000000000010000000000>;
P_0x560ca552bcf0 .param/l "BUFFER_WORD_SIZE" 0 3 3, +C4<00000000000000000000000000010000>;
P_0x560ca552bd30 .param/l "COMPUTE_DATA_WIDTH" 0 3 5, +C4<00000000000000000000000000000100>;
P_0x560ca552bd70 .param/l "FIFO_DATA_WIDTH" 0 3 4, +C4<00000000000000000000000000001000>;
o0x7efe49465018 .functor BUFZ 10, C4<zzzzzzzzzz>; HiZ drive
v0x560ca552c0c0_0 .net "address", 9 0, o0x7efe49465018;  0 drivers
o0x7efe49465048 .functor BUFZ 1, C4<z>; HiZ drive
v0x560ca554fce0_0 .net "clk", 0 0, o0x7efe49465048;  0 drivers
o0x7efe49465078 .functor BUFZ 1, C4<z>; HiZ drive
v0x560ca554fda0_0 .net "compute_en", 0 0, o0x7efe49465078;  0 drivers
o0x7efe494650a8 .functor BUFZ 4, C4<zzzz>; HiZ drive
v0x560ca554fe70_0 .net "compute_in", 3 0, o0x7efe494650a8;  0 drivers
v0x560ca554ff50_0 .var "compute_out", 3 0;
o0x7efe49465108 .functor BUFZ 1, C4<z>; HiZ drive
v0x560ca5550080_0 .net "fifo_en", 0 0, o0x7efe49465108;  0 drivers
o0x7efe49465138 .functor BUFZ 8, C4<zzzzzzzz>; HiZ drive
v0x560ca5550140_0 .net "fifo_in", 7 0, o0x7efe49465138;  0 drivers
v0x560ca5550220_0 .var "fifo_out", 7 0;
v0x560ca5550300 .array "mem", 0 1023, 15 0;
o0x7efe49465198 .functor BUFZ 1, C4<z>; HiZ drive
v0x560ca55503c0_0 .net "re", 0 0, o0x7efe49465198;  0 drivers
o0x7efe494651c8 .functor BUFZ 1, C4<z>; HiZ drive
v0x560ca5550480_0 .net "we", 0 0, o0x7efe494651c8;  0 drivers
E_0x560ca553b230 .event posedge, v0x560ca554fce0_0;
    .scope S_0x560ca5502430;
T_0 ;
    %wait E_0x560ca553b230;
    %load/vec4 v0x560ca5550480_0;
    %flag_set/vec4 8;
    %jmp/0xz  T_0.0, 8;
    %load/vec4 v0x560ca554fda0_0;
    %flag_set/vec4 8;
    %jmp/0xz  T_0.2, 8;
    %load/vec4 v0x560ca554fe70_0;
    %pad/u 16;
    %load/vec4 v0x560ca552c0c0_0;
    %pad/u 12;
    %ix/vec4 3;
    %ix/load 4, 0, 0; Constant delay
    %assign/vec4/a/d v0x560ca5550300, 0, 4;
    %jmp T_0.3;
T_0.2 ;
    %load/vec4 v0x560ca5550080_0;
    %flag_set/vec4 8;
    %jmp/0xz  T_0.4, 8;
    %load/vec4 v0x560ca5550140_0;
    %pad/u 16;
    %load/vec4 v0x560ca552c0c0_0;
    %pad/u 12;
    %ix/vec4 3;
    %ix/load 4, 0, 0; Constant delay
    %assign/vec4/a/d v0x560ca5550300, 0, 4;
T_0.4 ;
T_0.3 ;
    %jmp T_0.1;
T_0.0 ;
    %load/vec4 v0x560ca55503c0_0;
    %flag_set/vec4 8;
    %jmp/0xz  T_0.6, 8;
    %load/vec4 v0x560ca554fda0_0;
    %flag_set/vec4 8;
    %jmp/0xz  T_0.8, 8;
    %load/vec4 v0x560ca552c0c0_0;
    %pad/u 12;
    %ix/vec4 4;
    %load/vec4a v0x560ca5550300, 4;
    %pad/u 4;
    %assign/vec4 v0x560ca554ff50_0, 0;
    %jmp T_0.9;
T_0.8 ;
    %load/vec4 v0x560ca5550080_0;
    %flag_set/vec4 8;
    %jmp/0xz  T_0.10, 8;
    %load/vec4 v0x560ca552c0c0_0;
    %pad/u 12;
    %ix/vec4 4;
    %load/vec4a v0x560ca5550300, 4;
    %pad/u 8;
    %assign/vec4 v0x560ca5550220_0, 0;
T_0.10 ;
T_0.9 ;
T_0.6 ;
T_0.1 ;
    %jmp T_0;
    .thread T_0;
# The file index is used to find the file name in the following table.
:file_names 4;
    "N/A";
    "<interactive>";
    "-";
    "unified_buffer.sv";
