#! /usr/local/bin/vvp
:ivl_version "11.0 (stable)" "(v11_0-132-gb2f2414f4)";
:ivl_delay_selection "TYPICAL";
:vpi_time_precision + 0;
:vpi_module "/usr/local/lib/ivl/system.vpi";
:vpi_module "/usr/local/lib/ivl/vhdl_sys.vpi";
:vpi_module "/usr/local/lib/ivl/vhdl_textio.vpi";
:vpi_module "/usr/local/lib/ivl/v2005_math.vpi";
:vpi_module "/usr/local/lib/ivl/va_math.vpi";
:vpi_module "/usr/local/lib/ivl/v2009.vpi";
S_0x564c5f67f270 .scope package, "$unit" "$unit" 2 1;
 .timescale 0 0;
S_0x564c5f67f400 .scope module, "mac" "mac" 3 1;
 .timescale 0 0;
    .port_info 0 /INPUT 1 "clk";
    .port_info 1 /INPUT 4 "in_a";
    .port_info 2 /INPUT 4 "in_b";
    .port_info 3 /OUTPUT 16 "accumulator";
P_0x564c5f6a4e40 .param/l "ACCUMULATOR_DATA_WIDTH" 0 3 3, +C4<00000000000000000000000000010000>;
P_0x564c5f6a4e80 .param/l "INPUT_DATA_WIDTH" 0 3 2, +C4<00000000000000000000000000000100>;
v0x564c5f6a6450_0 .var "accumulator", 15 0;
o0x7f2fe0ad0048 .functor BUFZ 1, C4<z>; HiZ drive
v0x564c5f6c7130_0 .net "clk", 0 0, o0x7f2fe0ad0048;  0 drivers
o0x7f2fe0ad0078 .functor BUFZ 4, C4<zzzz>; HiZ drive
v0x564c5f6c71f0_0 .net "in_a", 3 0, o0x7f2fe0ad0078;  0 drivers
o0x7f2fe0ad00a8 .functor BUFZ 4, C4<zzzz>; HiZ drive
v0x564c5f6c72e0_0 .net "in_b", 3 0, o0x7f2fe0ad00a8;  0 drivers
E_0x564c5f692db0 .event posedge, v0x564c5f6c7130_0;
    .scope S_0x564c5f67f400;
T_0 ;
    %wait E_0x564c5f692db0;
    %load/vec4 v0x564c5f6a6450_0;
    %load/vec4 v0x564c5f6c71f0_0;
    %pad/u 16;
    %load/vec4 v0x564c5f6c72e0_0;
    %pad/u 16;
    %mul;
    %add;
    %assign/vec4 v0x564c5f6a6450_0, 0;
    %jmp T_0;
    .thread T_0;
# The file index is used to find the file name in the following table.
:file_names 4;
    "N/A";
    "<interactive>";
    "-";
    "rtl/MACArray/mac.sv";
