#-----------------------------------------------------------
# xsim v2024.1 (64-bit)
# SW Build 5076996 on Wed May 22 18:36:09 MDT 2024
# IP Build 5075265 on Wed May 22 21:45:21 MDT 2024
# SharedData Build 5076995 on Wed May 22 18:29:18 MDT 2024
# Start of session at: Fri Jan 16 14:43:54 2026
# Process ID: 3508
# Current directory: /home/sportsman/coding/systemverilog/uTPU/build/sim
# Command line: xsim -mode tcl -source {xsim.dir/work.pe_controller_tb/xsim_script.tcl}
# Log file: /home/sportsman/coding/systemverilog/uTPU/build/sim/xsim.log
# Journal file: /home/sportsman/coding/systemverilog/uTPU/build/sim/xsim.jou
# Running On        :arch
# Platform          :unknown
# Operating System  :unknown
# Processor Detail  :13th Gen Intel(R) Core(TM) i7-13700H
# CPU Frequency     :3019.899 MHz
# CPU Physical cores:14
# CPU Logical cores :20
# Host memory       :33300 MB
# Swap memory       :17179 MB
# Total Virtual     :50480 MB
# Available Virtual :48588 MB
#-----------------------------------------------------------
source xsim.dir/work.pe_controller_tb/xsim_script.tcl
# xsim {work.pe_controller_tb} -autoloadwcfg -runall
Time resolution is 1 ps
run -all
-20 0 20 40 60 80 100 120 
-20 0 20 40 60 80 100 120 
-20 0 20 40 60 80 100 120 
-20 0 20 40 60 80 100 120 
-20 0 20 40 60 80 100 120 
-20 0 20 40 60 80 100 120 
-20 0 20 40 60 80 100 120 
-20 0 20 40 60 80 100 120 
PASS
$finish called at time : 100045 ns : File "/home/sportsman/coding/systemverilog/uTPU/sim/PEArray/pe_controller_tb.sv" Line 106
exit
INFO: [Common 17-206] Exiting xsim at Fri Jan 16 14:43:57 2026...
