#! /usr/local/bin/vvp
:ivl_version "11.0 (stable)" "(v11_0-132-gb2f2414f4)";
:ivl_delay_selection "TYPICAL";
:vpi_time_precision + 0;
:vpi_module "/usr/local/lib/ivl/system.vpi";
:vpi_module "/usr/local/lib/ivl/vhdl_sys.vpi";
:vpi_module "/usr/local/lib/ivl/vhdl_textio.vpi";
:vpi_module "/usr/local/lib/ivl/v2005_math.vpi";
:vpi_module "/usr/local/lib/ivl/va_math.vpi";
:vpi_module "/usr/local/lib/ivl/v2009.vpi";
S_0x563b9492b2d0 .scope package, "$unit" "$unit" 2 1;
 .timescale 0 0;
S_0x563b9492b460 .scope module, "leaky_relu" "leaky_relu" 3 1;
 .timescale 0 0;
    .port_info 0 /INPUT 4 "in";
    .port_info 1 /OUTPUT 4 "result";
P_0x563b94950e10 .param/l "A" 0 3 2, +C4<00000000000000000000000000000010>;
P_0x563b94950e50 .param/l "COMPUTE_DATA_WIDTH" 0 3 3, +C4<00000000000000000000000000000100>;
o0x7fc86b090018 .functor BUFZ 4, C4<zzzz>; HiZ drive
v0x563b94952180_0 .net/s "in", 3 0, o0x7fc86b090018;  0 drivers
v0x563b94972b00_0 .var/s "result", 3 0;
E_0x563b9492ca20 .event edge, v0x563b94952180_0;
    .scope S_0x563b9492b460;
T_0 ;
Ewait_0 .event/or E_0x563b9492ca20, E_0x0;
    %wait Ewait_0;
    %load/vec4 v0x563b94952180_0;
    %pad/s 32;
    %cmpi/s 0, 0, 32;
    %flag_inv 5; GE is !LT
    %jmp/0xz  T_0.0, 5;
    %load/vec4 v0x563b94952180_0;
    %store/vec4 v0x563b94972b00_0, 0, 4;
    %jmp T_0.1;
T_0.0 ;
    %load/vec4 v0x563b94952180_0;
    %ix/load 4, 2, 0;
    %flag_set/imm 4, 0;
    %shiftr/s 4;
    %store/vec4 v0x563b94972b00_0, 0, 4;
T_0.1 ;
    %jmp T_0;
    .thread T_0, $push;
# The file index is used to find the file name in the following table.
:file_names 4;
    "N/A";
    "<interactive>";
    "-";
    "leaky_relu.sv";
